


ARM Macro Assembler    Page 1 


    1 00000000         ; LCD.s
    2 00000000         ; Student names: change this to your names or look very 
                       silly
    3 00000000         ; Last modification date: change this to the last modifi
                       cation date or look very silly
    4 00000000         
    5 00000000         ; Runs on TM4C123
    6 00000000         ; Use SSI0 to send an 8-bit code to the ST7735 160x128 p
                       ixel LCD.
    7 00000000         
    8 00000000         ; As part of Lab 7, students need to implement these wri
                       tecommand and writedata
    9 00000000         ; This driver assumes two low-level LCD functions
   10 00000000         
   11 00000000         ; Backlight (pin 10) connected to +3.3 V
   12 00000000         ; MISO (pin 9) unconnected
   13 00000000         ; SCK (pin 8) connected to PA2 (SSI0Clk)
   14 00000000         ; MOSI (pin 7) connected to PA5 (SSI0Tx)
   15 00000000         ; TFT_CS (pin 6) connected to PA3 (SSI0Fss)
   16 00000000         ; CARD_CS (pin 5) unconnected
   17 00000000         ; Data/Command (pin 4) connected to PA6 (GPIO)
   18 00000000         ; RESET (pin 3) connected to PA7 (GPIO)
   19 00000000         ; VCC (pin 2) connected to +3.3 V
   20 00000000         ; Gnd (pin 1) connected to ground
   21 00000000         
   22 00000000 400043FC 
                       GPIO_PORTA_DATA_R
                               EQU              0x400043FC
   23 00000000 40008008 
                       SSI0_DR_R
                               EQU              0x40008008
   24 00000000 4000800C 
                       SSI0_SR_R
                               EQU              0x4000800C
   25 00000000         
   26 00000000                 EXPORT           writecommand
   27 00000000                 EXPORT           writedata
   28 00000000         
   29 00000000                 AREA             |.text|, CODE, READONLY, ALIGN=
2
   30 00000000                 THUMB
   31 00000000                 ALIGN
   32 00000000         
   33 00000000         ; The Data/Command pin must be valid when the eighth bit
                        is
   34 00000000         ; sent.  The SSI module has hardware input and output FI
                       FOs
   35 00000000         ; that are 8 locations deep.  Based on the observation t
                       hat
   36 00000000         ; the LCD interface tends to send a few commands and the
                       n a
   37 00000000         ; lot of data, the FIFOs are not used when writing
   38 00000000         ; commands, and they are used when writing data.  This
   39 00000000         ; ensures that the Data/Command pin status matches the b
                       yte
   40 00000000         ; that is actually being transmitted.
   41 00000000         ; The write command operation waits until all data has b
                       een
   42 00000000         ; sent, configures the Data/Command pin for commands, se



ARM Macro Assembler    Page 2 


                       nds
   43 00000000         ; the command, and then waits for the transmission to
   44 00000000         ; finish.
   45 00000000         ; The write data operation waits until there is room in 
                       the
   46 00000000         ; transmit FIFO, configures the Data/Command pin for dat
                       a,
   47 00000000         ; and then adds the data to the transmit FIFO.
   48 00000000         ; NOTE: These functions will crash or stall indefinitely
                        if
   49 00000000         ; the SSI0 module is not initialized and enabled.
   50 00000000         
   51 00000000         ; This is a helper function that sends an 8-bit command 
                       to the LCD.
   52 00000000         ; Input: R0  8-bit command to transmit
   53 00000000         ; Output: none
   54 00000000         ; Assumes: SSI0 and port A have already been initialized
                        and enabled
   55 00000000         writecommand
   56 00000000         ;; --UUU-- Code to write a command to the LCD
   57 00000000         ;1) Read SSI0_SR_R and check bit 4, 
   58 00000000         ;2) If bit 4 is high, loop back to step 1 (wait for BUSY
                        bit to be low)
   59 00000000         ;3) Clear D/C=PA6 to zero
   60 00000000         ;4) Write the command to SSI0_DR_R
   61 00000000         ;5) Read SSI0_SR_R and check bit 4, 
   62 00000000         ;6) If bit 4 is high, loop back to step 5 (wait for BUSY
                        bit to be low)
   63 00000000 B57E            PUSH             {R1-R6, LR}
   64 00000002         step1
   65 00000002 4D13            LDR              R5, =SSI0_SR_R ; load address
   66 00000004 6829            LDR              R1, [R5]    ; load content
   67 00000006 F001 0110       AND              R1, #0x10   ; isolate bit 4
   68 0000000A 2900            CMP              R1, #0      ; if bit 4 is 0 kee
                                                            p looping
   69 0000000C D1F9            BNE              step1
   70 0000000E 4B11            LDR              R3, =GPIO_PORTA_DATA_R 
                                                            ; D/C pa6 address
   71 00000010 681C            LDR              R4, [R3]    ; load content
   72 00000012 F024 0440       BIC              R4, #0x40   ; clear bit 6
   73 00000016 601C            STR              R4, [R3]
   74 00000018 4D0F            LDR              R5, =SSI0_DR_R
   75 0000001A 7028            STRB             R0, [R5]
   76 0000001C         step5
   77 0000001C 4D0C            LDR              R5, =SSI0_SR_R
   78 0000001E 6829            LDR              R1, [R5]
   79 00000020 F001 0110       AND              R1, #0x10   ; isolate bit 4
   80 00000024 2900            CMP              R1, #0      ; if bit 4 is 0 kee
                                                            p looping
   81 00000026 D1F9            BNE              step5
   82 00000028         
   83 00000028 E8BD 407E       POP              {R1-R6,LR}
   84 0000002C 4770            BX               LR          ;   return
   85 0000002E         
   86 0000002E         ; This is a helper function that sends an 8-bit data to 
                       the LCD.
   87 0000002E         ; Input: R0  8-bit data to transmit
   88 0000002E         ; Output: none
   89 0000002E         ; Assumes: SSI0 and port A have already been initialized



ARM Macro Assembler    Page 3 


                        and enabled
   90 0000002E         writedata
   91 0000002E         ;; --UUU-- Code to write data to the LCD
   92 0000002E         ;1) Read SSI0_SR_R and check bit 1, 
   93 0000002E         ;2) If bit 1 is low loop back to step 1 (wait for TNF bi
                       t to be high)
   94 0000002E         ;3) Set D/C=PA6 to one
   95 0000002E         ;4) Write the 8-bit data to SSI0_DR_R
   96 0000002E B57E            PUSH             {R1-R6, LR}
   97 00000030         backagain
   98 00000030 4D07            LDR              R5, =SSI0_SR_R
   99 00000032 6829            LDR              R1, [R5]
  100 00000034 F001 0101       AND              R1, #0x01
  101 00000038 2900            CMP              R1, #0
  102 0000003A D0F9            BEQ              backagain
  103 0000003C 4B05            LDR              R3, =GPIO_PORTA_DATA_R 
                                                            ; D/C pa6 address
  104 0000003E 681C            LDR              R4, [R3]    ; load content
  105 00000040 F044 0440       ORR              R4, #0x40   ; set bit 6 to one
  106 00000044 601C            STR              R4, [R3]    ; store into ssio
  107 00000046 4B04            LDR              R3, =SSI0_DR_R
  108 00000048 7018            STRB             R0, [R3]
  109 0000004A E8BD 407E       POP              {R1-R6, LR}
  110 0000004E         
  111 0000004E         
  112 0000004E 4770            BX               LR          ;   return
  113 00000050         
  114 00000050         
  115 00000050         ;***************************************************
  116 00000050         ; This is a library for the Adafruit 1.8" SPI display.
  117 00000050         ; This library works with the Adafruit 1.8" TFT Breakout
                        w/SD card
  118 00000050         ; ----> http://www.adafruit.com/products/358
  119 00000050         ; as well as Adafruit raw 1.8" TFT display
  120 00000050         ; ----> http://www.adafruit.com/products/618
  121 00000050         ;
  122 00000050         ; Check out the links above for our tutorials and wiring
                        diagrams
  123 00000050         ; These displays use SPI to communicate, 4 or 5 pins are
                        required to
  124 00000050         ; interface (RST is optional)
  125 00000050         ; Adafruit invests time and resources providing this ope
                       n source code,
  126 00000050         ; please support Adafruit and open-source hardware by pu
                       rchasing
  127 00000050         ; products from Adafruit!
  128 00000050         ;
  129 00000050         ; Written by Limor Fried/Ladyada for Adafruit Industries
                       .
  130 00000050         ; MIT license, all text above must be included in any re
                       distribution
  131 00000050         ;****************************************************
  132 00000050         
  133 00000050                 ALIGN                        ; make sure the end
                                                             of this section is
                                                             aligned
  134 00000050                 END                          ; end of file
              4000800C 
              400043FC 



ARM Macro Assembler    Page 4 


              40008008 
Command Line: --debug --xref --diag_suppress=9931 --cpu=Cortex-M4 --apcs=interw
ork --depend=.\lcd.d -o.\lcd.o -I.\RTE\_Tetris -IC:\Users\varun\AppData\Local\A
rm\Packs\ARM\CMSIS\5.8.0\CMSIS\Core\Include -IC:\Users\varun\AppData\Local\Arm\
Packs\Keil\TM4C_DFP\1.1.0\Device\Include\TM4C123 --predefine="__UVISION_VERSION
 SETA 536" --predefine="_RTE_ SETA 1" --predefine="TM4C123GH6PM SETA 1" --prede
fine="_RTE_ SETA 1" --list=.\lcd.lst LCD.s



ARM Macro Assembler    Page 1 Alphabetic symbol ordering
Relocatable symbols

.text 00000000

Symbol: .text
   Definitions
      At line 29 in file LCD.s
   Uses
      None
Comment: .text unused
backagain 00000030

Symbol: backagain
   Definitions
      At line 97 in file LCD.s
   Uses
      At line 102 in file LCD.s
Comment: backagain used once
step1 00000002

Symbol: step1
   Definitions
      At line 64 in file LCD.s
   Uses
      At line 69 in file LCD.s
Comment: step1 used once
step5 0000001C

Symbol: step5
   Definitions
      At line 76 in file LCD.s
   Uses
      At line 81 in file LCD.s
Comment: step5 used once
writecommand 00000000

Symbol: writecommand
   Definitions
      At line 55 in file LCD.s
   Uses
      At line 26 in file LCD.s
Comment: writecommand used once
writedata 0000002E

Symbol: writedata
   Definitions
      At line 90 in file LCD.s
   Uses
      At line 27 in file LCD.s
Comment: writedata used once
6 symbols



ARM Macro Assembler    Page 1 Alphabetic symbol ordering
Absolute symbols

GPIO_PORTA_DATA_R 400043FC

Symbol: GPIO_PORTA_DATA_R
   Definitions
      At line 22 in file LCD.s
   Uses
      At line 70 in file LCD.s
      At line 103 in file LCD.s

SSI0_DR_R 40008008

Symbol: SSI0_DR_R
   Definitions
      At line 23 in file LCD.s
   Uses
      At line 74 in file LCD.s
      At line 107 in file LCD.s

SSI0_SR_R 4000800C

Symbol: SSI0_SR_R
   Definitions
      At line 24 in file LCD.s
   Uses
      At line 65 in file LCD.s
      At line 77 in file LCD.s
      At line 98 in file LCD.s

3 symbols
344 symbols in table
